
> flowcv-clone-frontend@0.1.0 dev
> vite

Re-optimizing dependencies because vite config has changed

  [32m[1mVITE[22m v5.4.21[39m  [2mready in [0m[1m17964[22m[2m[0m ms[22m

  [32m➜[39m  [1mLocal[22m:   [36mhttp://localhost:[1m5173[22m/[39m
[2m  [32m➜[39m  [1mNetwork[22m[2m: use [22m[1m--host[22m[2m to expose[22m
[2m21:20:34[22m [31m[1m[vite][22m[39m [31mhttp proxy error: /api/export/html[39m
AggregateError [ECONNREFUSED]: 
    at internalConnectMultiple (node:net:1142:49)
    at afterConnectMultiple (node:net:1723:7)
[2m21:20:35[22m [31m[1m[vite][22m[39m [31mhttp proxy error: /api/resume/07e8b0f7e2c2[39m
AggregateError [ECONNREFUSED]: 
    at internalConnectMultiple (node:net:1142:49)
    at afterConnectMultiple (node:net:1723:7)
[2m21:21:03[22m [36m[1m[vite][22m[39m [32mhmr update [39m[2m/src/components/panels/ProfilePanel.jsx, /src/styles/index.css[22m
[2m21:21:15[22m [36m[1m[vite][22m[39m [32mhmr update [39m[2m/src/components/panels/ProfilePanel.jsx, /src/styles/index.css[22m
[2m21:21:22[22m [36m[1m[vite][22m[39m [32mhmr update [39m[2m/src/components/panels/ProfilePanel.jsx, /src/styles/index.css[22m
[2m21:21:29[22m [36m[1m[vite][22m[39m [32mhmr update [39m[2m/src/components/panels/ProfilePanel.jsx, /src/styles/index.css[22m
[2m21:21:34[22m [36m[1m[vite][22m[39m [32mhmr update [39m[2m/src/components/panels/ProfilePanel.jsx, /src/styles/index.css[22m
[2m21:21:39[22m [36m[1m[vite][22m[39m [32mhmr update [39m[2m/src/components/panels/ProfilePanel.jsx, /src/styles/index.css[22m
[2m21:21:43[22m [36m[1m[vite][22m[39m [32mhmr update [39m[2m/src/components/panels/ProfilePanel.jsx, /src/styles/index.css[22m
[2m21:21:49[22m [36m[1m[vite][22m[39m [32mhmr update [39m[2m/src/components/editor/ModuleList.jsx, /src/styles/index.css[22m
[2m21:22:00[22m [36m[1m[vite][22m[39m [32mhmr update [39m[2m/src/components/editor/ModuleList.jsx, /src/styles/index.css[22m
[2m21:22:10[22m [36m[1m[vite][22m[39m [32mhmr update [39m[2m/src/components/editor/ModuleList.jsx, /src/styles/index.css[22m
[2m21:22:30[22m [36m[1m[vite][22m[39m [32mhmr update [39m[2m/src/components/editor/ModuleList.jsx, /src/styles/index.css[22m
[2m21:22:42[22m [36m[1m[vite][22m[39m [32mhmr update [39m[2m/src/components/editor/ModuleList.jsx, /src/styles/index.css[22m
[2m21:22:48[22m [36m[1m[vite][22m[39m [32mhmr update [39m[2m/src/components/editor/ModuleList.jsx, /src/styles/index.css[22m
[2m21:23:02[22m [36m[1m[vite][22m[39m [32mhmr update [39m[2m/src/components/editor/ModuleList.jsx, /src/styles/index.css[22m
[2m21:23:08[22m [36m[1m[vite][22m[39m [32mhmr update [39m[2m/src/components/editor/ModuleList.jsx, /src/styles/index.css[22m
[2m21:54:58[22m [36m[1m[vite][22m[39m [32mhmr update [39m[2m/src/App.jsx, /src/styles/index.css, /src/components/common/TopBar.jsx, /src/components/panels/AIPanel.jsx, /src/components/panels/ContentPanel.jsx, /src/components/panels/ProfilePanel.jsx, /src/components/preview/PdfPreview.jsx, /src/components/panels/CustomizePanel.jsx, /src/components/editor/ModuleList.jsx, /src/components/editor/InlineEntryEditor.jsx[22m
[2m21:56:14[22m [36m[1m[vite][22m[39m [32mhmr update [39m[2m/src/components/panels/CustomizePanel.jsx, /src/styles/index.css[22m
[2m21:56:57[22m [36m[1m[vite][22m[39m [32mhmr update [39m[2m/src/components/panels/CustomizePanel.jsx, /src/styles/index.css[22m
[2m21:57:03[22m [36m[1m[vite][22m[39m [32mhmr update [39m[2m/src/components/panels/CustomizePanel.jsx, /src/styles/index.css[22m
